alexcvzz.vscode-sqlite
alexdima.vscode-lcov
bungcip.better-toml
felixfbecker.php-debug
filipw.scriptcsRunner
formulahendry.vscode-mysql
golang.go
hbenl.vscode-test-explorer
Ionide.Ionide-fsharp
ms-azuretools.vscode-azurefunctions
ms-azuretools.vscode-docker
ms-dotnettools.csharp
ms-python.python
ms-toolsai.jupyter
ms-vscode-remote.remote-wsl
ms-vscode.azure-account
ms-vscode.cpptools
premparihar.gotestexplorer
rust-lang.rust
serayuzgur.crates
Swellaby.rust-pack
Swellaby.vscode-rust-test-adapter
vscodevim.vim
waderyan.gitblame
webfreak.debug
xaver.clang-format
zxh404.vscode-proto3